<?xml version="1.0" encoding="UTF-8"?>
<testng-results skipped="0" failed="0" total="1" passed="1">
  <reporter-output>
  </reporter-output>
  <suite name="Suite" duration-ms="32881" started-at="2019-09-14T08:19:32Z" finished-at="2019-09-14T08:20:05Z">
    <groups>
    </groups>
    <test name="Test" duration-ms="32881" started-at="2019-09-14T08:19:32Z" finished-at="2019-09-14T08:20:05Z">
      <class name="testcases.TC01">
        <test-method status="PASS" signature="f()[pri:0, instance:testcases.TC01@8bd1b6a]" name="f" duration-ms="32871" started-at="2019-09-14T13:49:32Z" finished-at="2019-09-14T13:50:05Z">
          <reporter-output>
          </reporter-output>
        </test-method> <!-- f -->
      </class> <!-- testcases.TC01 -->
    </test> <!-- Test -->
  </suite> <!-- Suite -->
</testng-results>
